<?xml version="1.0" encoding="UTF-8"?>
<testsuite xmlns:xsi="http://www.w3.org/2001/XMLSchema-instance" xsi:noNamespaceSchemaLocation="https://maven.apache.org/surefire/maven-surefire-plugin/xsd/surefire-test-report.xsd" version="3.0.2" name="com.witalo.libraryapi.LibraryapiApplicationTests" time="23.449" tests="1" errors="0" skipped="0" failures="0">
  <properties>
[...]
</properties>
  <testcase name="contextLoads" classname="com.witalo.libraryapi.LibraryapiApplicationTests" time="0.902">
    <system-out><![CDATA[21:36:30.160 [main] INFO org.springframework.test.context.support.AnnotationConfigContextLoaderUtils -- Could not detect default configuration classes for test class [com.witalo.libraryapi.LibraryapiApplicationTests]: LibraryapiApplicationTests does not declare any static, non-private, non-final, nested classes annotated with @Configuration.
21:36:30.502 [main] INFO org.springframework.boot.test.context.SpringBootTestContextBootstrapper -- Found @SpringBootConfiguration com.witalo.libraryapi.LibraryApplication for test class com.witalo.libraryapi.LibraryapiApplicationTests
21:36:30.867 [main] INFO org.springframework.boot.devtools.restart.RestartApplicationListener -- Restart disabled due to context in which it is running

  .   ____          _            __ _ _
 /\\ / ___'_ __ _ _(_)_ __  __ _ \ \ \ \
( ( )\___ | '_ | '_| | '_ \/ _` | \ \ \ \
 \\/  ___)| |_)| | | | | || (_| |  ) ) ) )
  '  |____| .__|_| |_|_| |_\__, | / / / /
 =========|_|==============|___/=/_/_/_/

&amp#27;[32m :: Spring Boot :: &amp#27;[39m              &amp#27;[2m (v3.5.6)&amp#27;[0;39m

&amp#27;[2m25-11-2025 21:36:32&amp#27;[0;39m &amp#27;[32mDEBUG&amp#27;[0;39m &amp#27;[2m[main]&amp#27;[0;39m &amp#27;[36mext.support.GenericWebApplicationContext&amp#27;[0;39m &amp#27;[33m:&amp#27;[0;39m Refreshing org.springframework.web.context.support.GenericWebApplicationContext@21719a0
Hibernate: 
    alter table if exists tb_user 
       alter column roles set data type varchar[]
&amp#27;[2m25-11-2025 21:36:46&amp#27;[0;39m &amp#27;[33m WARN&amp#27;[0;39m &amp#27;[2m[main]&amp#27;[0;39m &amp#27;[36mJpaBaseConfiguration$JpaWebConfiguration&amp#27;[0;39m &amp#27;[33m:&amp#27;[0;39m spring.jpa.open-in-view is enabled by default. Therefore, database queries may be performed during view rendering. Explicitly configure spring.jpa.open-in-view to disable this warning
&amp#27;[2m25-11-2025 21:36:46&amp#27;[0;39m &amp#27;[32mDEBUG&amp#27;[0;39m &amp#27;[2m[main]&amp#27;[0;39m &amp#27;[36m.annotation.RequestMappingHandlerMapping&amp#27;[0;39m &amp#27;[33m:&amp#27;[0;39m 28 mappings in 'requestMappingHandlerMapping'
&amp#27;[2m25-11-2025 21:36:46&amp#27;[0;39m &amp#27;[32mDEBUG&amp#27;[0;39m &amp#27;[2m[main]&amp#27;[0;39m &amp#27;[36m.servlet.handler.SimpleUrlHandlerMapping&amp#27;[0;39m &amp#27;[33m:&amp#27;[0;39m Patterns [/login] in 'viewControllerHandlerMapping'
&amp#27;[2m25-11-2025 21:36:46&amp#27;[0;39m &amp#27;[32mDEBUG&amp#27;[0;39m &amp#27;[2m[main]&amp#27;[0;39m &amp#27;[36m.servlet.handler.SimpleUrlHandlerMapping&amp#27;[0;39m &amp#27;[33m:&amp#27;[0;39m Patterns [/swagger-ui*/*swagger-initializer.js, /swagger-ui*/**] in 'resourceHandlerMapping'
&amp#27;[2m25-11-2025 21:36:49&amp#27;[0;39m &amp#27;[33m WARN&amp#27;[0;39m &amp#27;[2m[main]&amp#27;[0;39m &amp#27;[36mnfig.annotation.web.builders.WebSecurity&amp#27;[0;39m &amp#27;[33m:&amp#27;[0;39m You are asking Spring Security to ignore Deferred [Mvc [pattern='/v2/api-docs/**'], Ant [pattern='/v2/api-docs/**']]. This is not recommended -- please use permitAll via HttpSecurity#authorizeHttpRequests instead.
&amp#27;[2m25-11-2025 21:36:49&amp#27;[0;39m &amp#27;[33m WARN&amp#27;[0;39m &amp#27;[2m[main]&amp#27;[0;39m &amp#27;[36mnfig.annotation.web.builders.WebSecurity&amp#27;[0;39m &amp#27;[33m:&amp#27;[0;39m You are asking Spring Security to ignore Deferred [Mvc [pattern='/v3/api-docs/**'], Ant [pattern='/v3/api-docs/**']]. This is not recommended -- please use permitAll via HttpSecurity#authorizeHttpRequests instead.
&amp#27;[2m25-11-2025 21:36:49&amp#27;[0;39m &amp#27;[33m WARN&amp#27;[0;39m &amp#27;[2m[main]&amp#27;[0;39m &amp#27;[36mnfig.annotation.web.builders.WebSecurity&amp#27;[0;39m &amp#27;[33m:&amp#27;[0;39m You are asking Spring Security to ignore Deferred [Mvc [pattern='/swagger-resources/**'], Ant [pattern='/swagger-resources/**']]. This is not recommended -- please use permitAll via HttpSecurity#authorizeHttpRequests instead.
&amp#27;[2m25-11-2025 21:36:49&amp#27;[0;39m &amp#27;[33m WARN&amp#27;[0;39m &amp#27;[2m[main]&amp#27;[0;39m &amp#27;[36mnfig.annotation.web.builders.WebSecurity&amp#27;[0;39m &amp#27;[33m:&amp#27;[0;39m You are asking Spring Security to ignore Deferred [Mvc [pattern='/swagger-ui.html/**'], Ant [pattern='/swagger-ui.html/**']]. This is not recommended -- please use permitAll via HttpSecurity#authorizeHttpRequests instead.
&amp#27;[2m25-11-2025 21:36:49&amp#27;[0;39m &amp#27;[33m WARN&amp#27;[0;39m &amp#27;[2m[main]&amp#27;[0;39m &amp#27;[36mnfig.annotation.web.builders.WebSecurity&amp#27;[0;39m &amp#27;[33m:&amp#27;[0;39m You are asking Spring Security to ignore Deferred [Mvc [pattern='/swagger-ui/**'], Ant [pattern='/swagger-ui/**']]. This is not recommended -- please use permitAll via HttpSecurity#authorizeHttpRequests instead.
&amp#27;[2m25-11-2025 21:36:49&amp#27;[0;39m &amp#27;[33m WARN&amp#27;[0;39m &amp#27;[2m[main]&amp#27;[0;39m &amp#27;[36mnfig.annotation.web.builders.WebSecurity&amp#27;[0;39m &amp#27;[33m:&amp#27;[0;39m You are asking Spring Security to ignore Deferred [Mvc [pattern='/webjars/**'], Ant [pattern='/webjars/**']]. This is not recommended -- please use permitAll via HttpSecurity#authorizeHttpRequests instead.
&amp#27;[2m25-11-2025 21:36:49&amp#27;[0;39m &amp#27;[33m WARN&amp#27;[0;39m &amp#27;[2m[main]&amp#27;[0;39m &amp#27;[36mnfig.annotation.web.builders.WebSecurity&amp#27;[0;39m &amp#27;[33m:&amp#27;[0;39m You are asking Spring Security to ignore Deferred [Mvc [pattern='/actuator/**'], Ant [pattern='/actuator/**']]. This is not recommended -- please use permitAll via HttpSecurity#authorizeHttpRequests instead.
&amp#27;[2m25-11-2025 21:36:50&amp#27;[0;39m &amp#27;[32mDEBUG&amp#27;[0;39m &amp#27;[2m[main]&amp#27;[0;39m &amp#27;[36m.annotation.RequestMappingHandlerAdapter&amp#27;[0;39m &amp#27;[33m:&amp#27;[0;39m ControllerAdvice beans: 0 @ModelAttribute, 0 @InitBinder, 1 RequestBodyAdvice, 1 ResponseBodyAdvice
&amp#27;[2m25-11-2025 21:36:50&amp#27;[0;39m &amp#27;[33m WARN&amp#27;[0;39m &amp#27;[2m[main]&amp#27;[0;39m &amp#27;[36mion$DefaultTemplateResolverConfiguration&amp#27;[0;39m &amp#27;[33m:&amp#27;[0;39m Cannot find template location: classpath:/templates/ (please add some templates, check your Thymeleaf configuration, or set spring.thymeleaf.check-template-location=false)
&amp#27;[2m25-11-2025 21:36:50&amp#27;[0;39m &amp#27;[32mDEBUG&amp#27;[0;39m &amp#27;[2m[main]&amp#27;[0;39m &amp#27;[36mtation.ExceptionHandlerExceptionResolver&amp#27;[0;39m &amp#27;[33m:&amp#27;[0;39m ControllerAdvice beans: 2 @ExceptionHandler, 1 ResponseBodyAdvice
&amp#27;[2m25-11-2025 21:36:52&amp#27;[0;39m &amp#27;[33m WARN&amp#27;[0;39m &amp#27;[2m[main]&amp#27;[0;39m &amp#27;[36mgdoc.core.events.SpringDocAppInitializer&amp#27;[0;39m &amp#27;[33m:&amp#27;[0;39m SpringDoc /v3/api-docs endpoint is enabled by default. To disable it in production, set the property 'springdoc.api-docs.enabled=false'
&amp#27;[2m25-11-2025 21:36:52&amp#27;[0;39m &amp#27;[33m WARN&amp#27;[0;39m &amp#27;[2m[main]&amp#27;[0;39m &amp#27;[36mgdoc.core.events.SpringDocAppInitializer&amp#27;[0;39m &amp#27;[33m:&amp#27;[0;39m SpringDoc /swagger-ui.html endpoint is enabled by default. To disable it in production, set the property 'springdoc.swagger-ui.enabled=false'
]]></system-out>
    <system-err><![CDATA[Mockito is currently self-attaching to enable the inline-mock-maker. This will no longer work in future releases of the JDK. Please add Mockito as an agent to your build as described in Mockito's documentation: https://javadoc.io/doc/org.mockito/mockito-core/latest/org.mockito/org/mockito/Mockito.html#0.3
WARNING: A Java agent has been loaded dynamically (/home/witalo/.m2/repository/net/bytebuddy/byte-buddy-agent/1.17.7/byte-buddy-agent-1.17.7.jar)
WARNING: If a serviceability tool is in use, please run with -XX:+EnableDynamicAgentLoading to hide this warning
WARNING: If a serviceability tool is not in use, please run with -Djdk.instrument.traceUsage for more information
WARNING: Dynamic loading of agents will be disallowed by default in a future release
]]></system-err>
  </testcase>
</testsuite>